{"C:\\Users\\ahtesham.akram\\Desktop\\learning lectures\\testing in js\\js\\clone-array.js": {"path":"C:\\Users\\ahtesham.akram\\Desktop\\learning lectures\\testing in js\\js\\clone-array.js","statementMap":{"0":{"start":{"line":1,"column":19},"end":{"line":3,"column":1}},"1":{"start":{"line":2,"column":4},"end":{"line":2,"column":21}},"2":{"start":{"line":4,"column":0},"end":{"line":4,"column":27}}},"fnMap":{"0":{"name":"(anonymous_0)","decl":{"start":{"line":1,"column":19},"end":{"line":1,"column":20}},"loc":{"start":{"line":1,"column":28},"end":{"line":3,"column":1}},"line":1}},"branchMap":{},"s":{"0":1,"1":1,"2":1},"f":{"0":1},"b":{},"_coverageSchema":"1a1c01bbd47fc00a2c39e90264f33305004495a9","hash":"2dbcc2e1bb09ceabd46fe1ff3e23639f58ac67ef"}
,"C:\\Users\\ahtesham.akram\\Desktop\\learning lectures\\testing in js\\js\\my-obj.js": {"path":"C:\\Users\\ahtesham.akram\\Desktop\\learning lectures\\testing in js\\js\\my-obj.js","statementMap":{"0":{"start":{"line":1,"column":13},"end":{"line":4,"column":1}},"1":{"start":{"line":5,"column":0},"end":{"line":5,"column":21}}},"fnMap":{},"branchMap":{},"s":{"0":1,"1":1},"f":{},"b":{},"_coverageSchema":"1a1c01bbd47fc00a2c39e90264f33305004495a9","hash":"6c8352681c218fb134274eaaf934790490db4658"}
,"C:\\Users\\ahtesham.akram\\Desktop\\learning lectures\\testing in js\\js\\sum.js": {"path":"C:\\Users\\ahtesham.akram\\Desktop\\learning lectures\\testing in js\\js\\sum.js","statementMap":{"0":{"start":{"line":1,"column":12},"end":{"line":3,"column":1}},"1":{"start":{"line":2,"column":4},"end":{"line":2,"column":16}},"2":{"start":{"line":7,"column":0},"end":{"line":7,"column":20}}},"fnMap":{"0":{"name":"(anonymous_0)","decl":{"start":{"line":1,"column":12},"end":{"line":1,"column":13}},"loc":{"start":{"line":1,"column":19},"end":{"line":3,"column":1}},"line":1}},"branchMap":{},"s":{"0":1,"1":1,"2":1},"f":{"0":1},"b":{},"_coverageSchema":"1a1c01bbd47fc00a2c39e90264f33305004495a9","hash":"f812de047db978527aea9a5d60400ff706bb363a"}
}
